# JRE version: OpenJDK Runtime Environment (7.0_55-b14) (build 1.7.0_55-b14)
# Java VM: OpenJDK 64-Bit Server VM (24.51-b03 mixed mode linux-amd64 compressed oops)
Heap
 PSYoungGen      total 37376K, used 12346K [0x00000007d6d00000, 0x00000007d9680000, 0x0000000800000000)
  eden space 32256K, 28% used [0x00000007d6d00000,0x00000007d75e5fd0,0x00000007d8c80000)
  from space 5120K, 63% used [0x00000007d9180000,0x00000007d94a8830,0x00000007d9680000)
  to   space 5120K, 0% used [0x00000007d8c80000,0x00000007d8c80000,0x00000007d9180000)
 ParOldGen       total 83968K, used 16K [0x0000000784800000, 0x0000000789a00000, 0x00000007d6d00000)
  object space 83968K, 0% used [0x0000000784800000,0x0000000784804000,0x0000000789a00000)
 PSPermGen       total 21504K, used 16112K [0x000000077a200000, 0x000000077b700000, 0x0000000784800000)
  object space 21504K, 74% used [0x000000077a200000,0x000000077b1bc398,0x000000077b700000)
GC Heap History (4 events):
Event: 97,086 GC heap before
{Heap before GC invocations=1 (full 0):
 PSYoungGen      total 37376K, used 32256K [0x00000007d6d00000, 0x00000007d9680000, 0x0000000800000000)
  eden space 32256K, 100% used [0x00000007d6d00000,0x00000007d8c80000,0x00000007d8c80000)
  from space 5120K, 0% used [0x00000007d9180000,0x00000007d9180000,0x00000007d9680000)
  to   space 5120K, 0% used [0x00000007d8c80000,0x00000007d8c80000,0x00000007d9180000)
 ParOldGen       total 83968K, used 0K [0x0000000784800000, 0x0000000789a00000, 0x00000007d6d00000)
  object space 83968K, 0% used [0x0000000784800000,0x0000000784800000,0x0000000789a00000)
 PSPermGen       total 21504K, used 15855K [0x000000077a200000, 0x000000077b700000, 0x0000000784800000)
  object space 21504K, 73% used [0x000000077a200000,0x000000077b17bdf8,0x000000077b700000)
Event: 97,093 GC heap after
Heap after GC invocations=1 (full 0):
 PSYoungGen      total 37376K, used 3056K [0x00000007d6d00000, 0x00000007d9680000, 0x0000000800000000)
  eden space 32256K, 0% used [0x00000007d6d00000,0x00000007d6d00000,0x00000007d8c80000)
  from space 5120K, 59% used [0x00000007d8c80000,0x00000007d8f7c010,0x00000007d9180000)
  to   space 5120K, 0% used [0x00000007d9180000,0x00000007d9180000,0x00000007d9680000)
 ParOldGen       total 83968K, used 8K [0x0000000784800000, 0x0000000789a00000, 0x00000007d6d00000)
  object space 83968K, 0% used [0x0000000784800000,0x0000000784802000,0x0000000789a00000)
 PSPermGen       total 21504K, used 15855K [0x000000077a200000, 0x000000077b700000, 0x0000000784800000)
  object space 21504K, 73% used [0x000000077a200000,0x000000077b17bdf8,0x000000077b700000)
}
Event: 221,055 GC heap before
{Heap before GC invocations=2 (full 0):
 PSYoungGen      total 37376K, used 35312K [0x00000007d6d00000, 0x00000007d9680000, 0x0000000800000000)
  eden space 32256K, 100% used [0x00000007d6d00000,0x00000007d8c80000,0x00000007d8c80000)
  from space 5120K, 59% used [0x00000007d8c80000,0x00000007d8f7c010,0x00000007d9180000)
  to   space 5120K, 0% used [0x00000007d9180000,0x00000007d9180000,0x00000007d9680000)
 ParOldGen       total 83968K, used 8K [0x0000000784800000, 0x0000000789a00000, 0x00000007d6d00000)
  object space 83968K, 0% used [0x0000000784800000,0x0000000784802000,0x0000000789a00000)
 PSPermGen       total 21504K, used 16054K [0x000000077a200000, 0x000000077b700000, 0x0000000784800000)
  object space 21504K, 74% used [0x000000077a200000,0x000000077b1ad878,0x000000077b700000)
Event: 221,068 GC heap after
Heap after GC invocations=2 (full 0):
 PSYoungGen      total 37376K, used 3234K [0x00000007d6d00000, 0x00000007d9680000, 0x0000000800000000)
  eden space 32256K, 0% used [0x00000007d6d00000,0x00000007d6d00000,0x00000007d8c80000)
  from space 5120K, 63% used [0x00000007d9180000,0x00000007d94a8830,0x00000007d9680000)
  to   space 5120K, 0% used [0x00000007d8c80000,0x00000007d8c80000,0x00000007d9180000)
 ParOldGen       total 83968K, used 16K [0x0000000784800000, 0x0000000789a00000, 0x00000007d6d00000)
  object space 83968K, 0% used [0x0000000784800000,0x0000000784804000,0x0000000789a00000)
 PSPermGen       total 21504K, used 16054K [0x000000077a200000, 0x000000077b700000, 0x0000000784800000)
  object space 21504K, 74% used [0x000000077a200000,0x000000077b1ad878,0x000000077b700000)
}

